[13:23:51] [ServerMain/INFO]: Environment: authHost='https://authserver.mojang.com', accountsHost='https://api.mojang.com', sessionHost='https://sessionserver.mojang.com', servicesHost='https://api.minecraftservices.com', name='PROD'
[13:23:54] [ServerMain/WARN]: Failed to parse level-type default, defaulting to minecraft:normal
[13:23:55] [ServerMain/INFO]: Loaded 7 recipes
[13:23:56] [ServerMain/INFO]: Loaded 1271 advancements
[13:23:56] [Server thread/INFO]: Starting minecraft server version 1.20.1
[13:23:56] [Server thread/INFO]: Loading properties
[13:23:56] [Server thread/INFO]: Default game type: SURVIVAL
[13:23:56] [Server thread/INFO]: Generating keypair
[13:23:57] [Server thread/INFO]: Starting Minecraft server on *:25565
[13:23:57] [Server thread/INFO]: Using default channel type
[13:23:57] [Server thread/INFO]: Preparing level "world"
[13:24:07] [Server thread/INFO]: Preparing start region for dimension minecraft:overworld
[13:24:09] [Worker-Main-2/INFO]: Preparing spawn area: 0%
[13:24:09] [Worker-Main-1/INFO]: Preparing spawn area: 0%
[13:24:09] [Worker-Main-1/INFO]: Preparing spawn area: 0%
[13:24:09] [Worker-Main-7/INFO]: Preparing spawn area: 0%
[13:24:09] [Worker-Main-7/INFO]: Preparing spawn area: 0%
[13:24:10] [Worker-Main-1/INFO]: Preparing spawn area: 0%
[13:24:10] [Worker-Main-4/INFO]: Preparing spawn area: 0%
[13:24:11] [Worker-Main-7/INFO]: Preparing spawn area: 0%
[13:24:11] [Worker-Main-4/INFO]: Preparing spawn area: 0%
[13:24:12] [Worker-Main-4/INFO]: Preparing spawn area: 0%
[13:24:12] [Worker-Main-3/INFO]: Preparing spawn area: 0%
[13:24:13] [Worker-Main-5/INFO]: Preparing spawn area: 1%
[13:24:13] [Worker-Main-7/INFO]: Preparing spawn area: 1%
[13:24:14] [Worker-Main-3/INFO]: Preparing spawn area: 1%
[13:24:15] [Worker-Main-4/INFO]: Preparing spawn area: 1%
[13:24:15] [Worker-Main-7/INFO]: Preparing spawn area: 1%
[13:24:15] [Worker-Main-6/INFO]: Preparing spawn area: 2%
[13:24:16] [Worker-Main-4/INFO]: Preparing spawn area: 3%
[13:24:16] [Worker-Main-4/INFO]: Preparing spawn area: 3%
[13:24:17] [Worker-Main-3/INFO]: Preparing spawn area: 4%
[13:24:17] [Worker-Main-5/INFO]: Preparing spawn area: 4%
[13:24:18] [Worker-Main-6/INFO]: Preparing spawn area: 4%
[13:24:18] [Worker-Main-1/INFO]: Preparing spawn area: 5%
[13:24:19] [Worker-Main-7/INFO]: Preparing spawn area: 6%
[13:24:19] [Worker-Main-1/INFO]: Preparing spawn area: 6%
[13:24:20] [Worker-Main-4/INFO]: Preparing spawn area: 7%
[13:24:20] [Worker-Main-1/INFO]: Preparing spawn area: 8%
[13:24:21] [Worker-Main-1/INFO]: Preparing spawn area: 9%
[13:24:21] [Worker-Main-7/INFO]: Preparing spawn area: 9%
[13:24:22] [Worker-Main-4/INFO]: Preparing spawn area: 10%
[13:24:22] [Worker-Main-4/INFO]: Preparing spawn area: 12%
[13:24:23] [Worker-Main-2/INFO]: Preparing spawn area: 13%
[13:24:23] [Worker-Main-6/INFO]: Preparing spawn area: 13%
[13:24:24] [Worker-Main-4/INFO]: Preparing spawn area: 14%
[13:24:24] [Worker-Main-5/INFO]: Preparing spawn area: 15%
[13:24:25] [Worker-Main-5/INFO]: Preparing spawn area: 16%
[13:24:25] [Worker-Main-7/INFO]: Preparing spawn area: 17%
[13:24:26] [Worker-Main-3/INFO]: Preparing spawn area: 18%
[13:24:26] [Worker-Main-7/INFO]: Preparing spawn area: 20%
[13:24:27] [Worker-Main-4/INFO]: Preparing spawn area: 21%
[13:24:27] [Worker-Main-3/INFO]: Preparing spawn area: 22%
[13:24:28] [Worker-Main-6/INFO]: Preparing spawn area: 23%
[13:24:30] [Worker-Main-2/INFO]: Preparing spawn area: 24%
[13:24:30] [Worker-Main-7/INFO]: Preparing spawn area: 24%
[13:24:30] [Worker-Main-7/INFO]: Preparing spawn area: 24%
[13:24:30] [Worker-Main-4/INFO]: Preparing spawn area: 24%
[13:24:30] [Worker-Main-6/INFO]: Preparing spawn area: 24%
[13:24:31] [Worker-Main-5/INFO]: Preparing spawn area: 25%
[13:24:31] [Worker-Main-5/INFO]: Preparing spawn area: 26%
[13:24:32] [Worker-Main-7/INFO]: Preparing spawn area: 28%
[13:24:32] [Worker-Main-6/INFO]: Preparing spawn area: 31%
[13:24:33] [Worker-Main-2/INFO]: Preparing spawn area: 31%
[13:24:33] [Worker-Main-7/INFO]: Preparing spawn area: 33%
[13:24:34] [Worker-Main-3/INFO]: Preparing spawn area: 33%
[13:24:34] [Worker-Main-1/INFO]: Preparing spawn area: 34%
[13:24:35] [Worker-Main-7/INFO]: Preparing spawn area: 36%
[13:24:35] [Worker-Main-3/INFO]: Preparing spawn area: 37%
[13:24:36] [Worker-Main-1/INFO]: Preparing spawn area: 39%
[13:24:36] [Worker-Main-1/INFO]: Preparing spawn area: 41%
[13:24:37] [Worker-Main-2/INFO]: Preparing spawn area: 42%
[13:24:37] [Worker-Main-1/INFO]: Preparing spawn area: 42%
[13:24:38] [Worker-Main-3/INFO]: Preparing spawn area: 43%
[13:24:38] [Worker-Main-5/INFO]: Preparing spawn area: 44%
[13:24:39] [Worker-Main-2/INFO]: Preparing spawn area: 46%
[13:24:39] [Worker-Main-2/INFO]: Preparing spawn area: 48%
[13:24:40] [Worker-Main-6/INFO]: Preparing spawn area: 50%
[13:24:40] [Worker-Main-4/INFO]: Preparing spawn area: 52%
[13:24:41] [Worker-Main-2/INFO]: Preparing spawn area: 54%
[13:24:41] [Worker-Main-4/INFO]: Preparing spawn area: 55%
[13:24:42] [Worker-Main-2/INFO]: Preparing spawn area: 58%
[13:24:42] [Worker-Main-7/INFO]: Preparing spawn area: 59%
[13:24:43] [Worker-Main-3/INFO]: Preparing spawn area: 62%
[13:24:43] [Worker-Main-5/INFO]: Preparing spawn area: 64%
[13:24:44] [Worker-Main-7/INFO]: Preparing spawn area: 65%
[13:24:44] [Worker-Main-6/INFO]: Preparing spawn area: 68%
[13:24:45] [Worker-Main-7/INFO]: Preparing spawn area: 68%
[13:24:45] [Worker-Main-2/INFO]: Preparing spawn area: 71%
[13:24:46] [Worker-Main-1/INFO]: Preparing spawn area: 73%
[13:24:46] [Worker-Main-7/INFO]: Preparing spawn area: 73%
[13:24:47] [Worker-Main-7/INFO]: Preparing spawn area: 75%
[13:24:47] [Worker-Main-3/INFO]: Preparing spawn area: 78%
[13:24:48] [Worker-Main-2/INFO]: Preparing spawn area: 79%
[13:24:48] [Worker-Main-5/INFO]: Preparing spawn area: 82%
[13:24:49] [Worker-Main-5/INFO]: Preparing spawn area: 83%
[13:24:49] [Worker-Main-7/INFO]: Preparing spawn area: 84%
[13:24:50] [Worker-Main-5/INFO]: Preparing spawn area: 85%
[13:24:50] [Worker-Main-6/INFO]: Preparing spawn area: 86%
[13:24:51] [Worker-Main-4/INFO]: Preparing spawn area: 88%
[13:24:51] [Worker-Main-7/INFO]: Preparing spawn area: 89%
[13:24:52] [Worker-Main-6/INFO]: Preparing spawn area: 90%
[13:24:52] [Worker-Main-7/INFO]: Preparing spawn area: 92%
[13:24:53] [Worker-Main-7/INFO]: Preparing spawn area: 93%
[13:24:53] [Worker-Main-4/INFO]: Preparing spawn area: 95%
[13:24:54] [Worker-Main-7/INFO]: Preparing spawn area: 97%
[13:24:54] [Server thread/INFO]: Time elapsed: 47025 ms
[13:24:54] [Server thread/INFO]: Done (57.444s)! For help, type "help"
