[22:17:05] [ServerMain/INFO]: Environment: authHost='https://authserver.mojang.com', accountsHost='https://api.mojang.com', sessionHost='https://sessionserver.mojang.com', servicesHost='https://api.minecraftservices.com', name='PROD'
[22:17:07] [ServerMain/INFO]: Loaded 7 recipes
[22:17:07] [ServerMain/INFO]: Loaded 1271 advancements
[22:17:07] [Server thread/INFO]: Starting minecraft server version 1.20.1
[22:17:07] [Server thread/INFO]: Loading properties
[22:17:07] [Server thread/INFO]: Default game type: CREATIVE
[22:17:07] [Server thread/INFO]: Generating keypair
[22:17:07] [Server thread/INFO]: Starting Minecraft server on *:25565
[22:17:07] [Server thread/INFO]: Using default channel type
[22:17:07] [Server thread/INFO]: Preparing level "mundoFabric"
[22:17:07] [Server thread/INFO]: Preparing start region for dimension minecraft:overworld
[22:17:09] [Worker-Main-1/INFO]: Preparing spawn area: 0%
[22:17:09] [Worker-Main-5/INFO]: Preparing spawn area: 0%
[22:17:09] [Worker-Main-1/INFO]: Preparing spawn area: 0%
[22:17:09] [Worker-Main-1/INFO]: Preparing spawn area: 0%
[22:17:09] [Worker-Main-2/INFO]: Preparing spawn area: 12%
[22:17:10] [Worker-Main-5/INFO]: Preparing spawn area: 95%
[22:17:10] [Server thread/INFO]: Time elapsed: 2508 ms
[22:17:10] [Server thread/INFO]: Done (2.609s)! For help, type "help"
[22:17:14] [User Authenticator #1/INFO]: UUID of player elmagra is 72ed8263-91da-415d-84d6-2b2635c1c1b4
[22:17:14] [Server thread/INFO]: elmagra[/192.168.1.200:62667] logged in with entity id 86 at (24.731233363738518, 24.884279751184643, -13.468570993360341)
[22:17:14] [Server thread/INFO]: elmagra joined the game
